<?xml version="1.0" encoding="UTF-8"?>
<robot generator="Robot 5.0.1 (Python 3.10.7 on win32)" generated="20221006 09:57:06.102" rpa="false" schemaversion="3">
<suite id="s1" name="Test02" source="c:\Users\ib\Desktop\myrobot\tests\test02.robot">
<test id="s1-t1" name="Scenario 2 : Login en detail sur carrefour" line="13">
<kw name="GotoUrl" library="MainPage">
<arg>${browser}</arg>
<kw name="navigate" library="init">
<arg>${browser}</arg>
<kw name="Open Browser" library="SeleniumLibrary">
<arg>${Host}</arg>
<arg>${BROWSER}</arg>
<doc>Opens a new browser instance to the optional ``url``.</doc>
<msg timestamp="20221006 09:57:06.367" level="INFO">Opening browser 'Chrome' to base url 'https:/carrefour.fr/'.</msg>
<status status="PASS" starttime="20221006 09:57:06.366" endtime="20221006 09:57:09.585"/>
</kw>
<status status="PASS" starttime="20221006 09:57:06.366" endtime="20221006 09:57:09.585"/>
</kw>
<kw name="Maximize Browser Window" library="SeleniumLibrary">
<doc>Maximizes current browser window.</doc>
<status status="PASS" starttime="20221006 09:57:09.585" endtime="20221006 09:57:09.804"/>
</kw>
<status status="PASS" starttime="20221006 09:57:06.366" endtime="20221006 09:57:09.804"/>
</kw>
<kw name="Accept cookie" library="MainPage">
<arg>${accept-cookie}</arg>
<kw name="Wait Until Element Is Visible" library="SeleniumLibrary">
<arg>${locator-accept-cookie}</arg>
<doc>Waits until the element ``locator`` is visible.</doc>
<status status="PASS" starttime="20221006 09:57:09.806" endtime="20221006 09:57:09.896"/>
</kw>
<kw name="Click Element" library="SeleniumLibrary">
<arg>${locator-accept-cookie}</arg>
<doc>Click the element identified by ``locator``.</doc>
<msg timestamp="20221006 09:57:09.899" level="INFO">Clicking element 'onetrust-accept-btn-handler'.</msg>
<status status="PASS" starttime="20221006 09:57:09.897" endtime="20221006 09:57:10.028"/>
</kw>
<status status="PASS" starttime="20221006 09:57:09.805" endtime="20221006 09:57:10.028"/>
</kw>
<kw name="Click compte" library="LoginPage">
<arg>${locator-compte}</arg>
<arg>${locator-compte}</arg>
<kw name="Wait Until Element Is Visible" library="SeleniumLibrary">
<arg>${locator-compte}</arg>
<arg>5s</arg>
<doc>Waits until the element ``locator`` is visible.</doc>
<status status="PASS" starttime="20221006 09:57:10.031" endtime="20221006 09:57:10.167"/>
</kw>
<kw name="Click Element" library="SeleniumLibrary">
<arg>${locator-compte}</arg>
<doc>Click the element identified by ``locator``.</doc>
<msg timestamp="20221006 09:57:10.167" level="INFO">Clicking element 'xpath://*[@id="data-account"]'.</msg>
<status status="PASS" starttime="20221006 09:57:10.167" endtime="20221006 09:57:11.108"/>
</kw>
<status status="PASS" starttime="20221006 09:57:10.029" endtime="20221006 09:57:11.109"/>
</kw>
<kw name="Click me connecter" library="LoginPage">
<arg>${locator-meconnecter}</arg>
<kw name="Wait Until Element Is Visible" library="SeleniumLibrary">
<arg>${locator-meconnecter}</arg>
<arg>5s</arg>
<doc>Waits until the element ``locator`` is visible.</doc>
<status status="PASS" starttime="20221006 09:57:11.110" endtime="20221006 09:57:11.538"/>
</kw>
<kw name="Click Link" library="SeleniumLibrary">
<arg>${locator-meconnecter}</arg>
<doc>Clicks a link identified by ``locator``.</doc>
<msg timestamp="20221006 09:57:11.539" level="INFO">Clicking link 'xpath://*[@id="headerAccountPanel"]/div/div/ul/li[1]/a'.</msg>
<status status="PASS" starttime="20221006 09:57:11.538" endtime="20221006 09:57:12.062"/>
</kw>
<status status="PASS" starttime="20221006 09:57:11.109" endtime="20221006 09:57:12.063"/>
</kw>
<kw name="Enter Username" library="LoginPage">
<arg>${locator-user}</arg>
<arg>${user}</arg>
<kw name="Wait Until Element Is Visible" library="SeleniumLibrary">
<arg>${locator-user}</arg>
<arg>10s</arg>
<doc>Waits until the element ``locator`` is visible.</doc>
<status status="PASS" starttime="20221006 09:57:12.065" endtime="20221006 09:57:12.602"/>
</kw>
<kw name="Input Text" library="SeleniumLibrary">
<arg>${locator-user}</arg>
<arg>${user}</arg>
<doc>Types the given ``text`` into the text field identified by ``locator``.</doc>
<msg timestamp="20221006 09:57:12.603" level="INFO">Typing text 'toto.designer@yopmail.com' into text field 'xpath://*[@id="idToken1"]'.</msg>
<status status="PASS" starttime="20221006 09:57:12.603" endtime="20221006 09:57:13.213"/>
</kw>
<status status="PASS" starttime="20221006 09:57:12.064" endtime="20221006 09:57:13.214"/>
</kw>
<kw name="Enter Password" library="LoginPage">
<arg>${locator-pass}</arg>
<arg>${pwd}</arg>
<kw name="Wait Until Element Is Visible" library="SeleniumLibrary">
<arg>${locator-pass}</arg>
<arg>10s</arg>
<doc>Waits until the element ``locator`` is visible.</doc>
<status status="PASS" starttime="20221006 09:57:13.216" endtime="20221006 09:57:13.238"/>
</kw>
<kw name="Input Text" library="SeleniumLibrary">
<arg>${locator-pass}</arg>
<arg>${pwd}</arg>
<doc>Types the given ``text`` into the text field identified by ``locator``.</doc>
<msg timestamp="20221006 09:57:13.238" level="INFO">Typing text 'Toto@2022' into text field 'xpath://*[@id="idToken2"]'.</msg>
<status status="PASS" starttime="20221006 09:57:13.238" endtime="20221006 09:57:13.319"/>
</kw>
<status status="PASS" starttime="20221006 09:57:13.214" endtime="20221006 09:57:13.319"/>
</kw>
<kw name="Click Submit" library="LoginPage">
<arg>${locator-submit}</arg>
<kw name="Wait Until Element Is Visible" library="SeleniumLibrary">
<arg>${locator-submit}</arg>
<arg>10s</arg>
<doc>Waits until the element ``locator`` is visible.</doc>
<status status="PASS" starttime="20221006 09:57:13.320" endtime="20221006 09:57:13.343"/>
</kw>
<kw name="Click Element" library="SeleniumLibrary">
<arg>${locator-submit}</arg>
<doc>Click the element identified by ``locator``.</doc>
<msg timestamp="20221006 09:57:13.344" level="INFO">Clicking element 'xpath://*[@id="loginButton_0"]'.</msg>
<status status="PASS" starttime="20221006 09:57:13.344" endtime="20221006 09:57:13.396"/>
</kw>
<status status="PASS" starttime="20221006 09:57:13.320" endtime="20221006 09:57:13.396"/>
</kw>
<kw name="Verify Page Contain" library="LoginPage">
<arg>${locator-account}</arg>
<kw name="Wait Until Element Is Visible" library="SeleniumLibrary">
<arg>${locator-account}</arg>
<arg>10s</arg>
<doc>Waits until the element ``locator`` is visible.</doc>
<status status="PASS" starttime="20221006 09:57:13.398" endtime="20221006 09:57:19.313"/>
</kw>
<kw name="Page Should Contain Element" library="SeleniumLibrary">
<arg>${locator-account}</arg>
<doc>Verifies that element ``locator`` is found on the current page.</doc>
<msg timestamp="20221006 09:57:19.386" level="INFO">Current page contains element '//*[@id="data-account"]/span[2]/span'.</msg>
<status status="PASS" starttime="20221006 09:57:19.314" endtime="20221006 09:57:19.387"/>
</kw>
<status status="PASS" starttime="20221006 09:57:13.397" endtime="20221006 09:57:19.387"/>
</kw>
<kw name="Close All Browsers" library="SeleniumLibrary">
<doc>Closes all open browsers and resets the browser cache.</doc>
<status status="PASS" starttime="20221006 09:57:19.388" endtime="20221006 09:57:21.652"/>
</kw>
<status status="PASS" starttime="20221006 09:57:06.365" endtime="20221006 09:57:21.654"/>
</test>
<doc>Scenari des tests de login sur l'application carrefour :</doc>
<status status="PASS" starttime="20221006 09:57:06.107" endtime="20221006 09:57:21.661"/>
</suite>
<statistics>
<total>
<stat pass="1" fail="0" skip="0">All Tests</stat>
</total>
<tag>
</tag>
<suite>
<stat pass="1" fail="0" skip="0" id="s1" name="Test02">Test02</stat>
</suite>
</statistics>
<errors>
</errors>
</robot>
