<?xml version="1.0" encoding="UTF-8"?>
<robot generator="Robot 5.0.1 (Python 3.10.7 on win32)" generated="20221004 10:36:01.366" rpa="false" schemaversion="3">
<suite id="s1" name="Test02" source="C:\Users\ib\Desktop\myrobot\tests\test02.robot">
<test id="s1-t1" name="Test : Login sur carrefour" line="8">
<kw name="Login" library="LoginPage">
<kw name="navigate" library="init">
<arg>chrome</arg>
<kw name="Open Browser" library="SeleniumLibrary">
<arg>${LOGIN URL}</arg>
<arg>${BROWSER}</arg>
<doc>Opens a new browser instance to the optional ``url``.</doc>
<msg timestamp="20221004 10:36:01.604" level="INFO">Opening browser 'chrome' to base url 'https://carrefour.fr'.</msg>
<status status="PASS" starttime="20221004 10:36:01.604" endtime="20221004 10:36:04.748"/>
</kw>
<status status="PASS" starttime="20221004 10:36:01.603" endtime="20221004 10:36:04.749"/>
</kw>
<kw name="Maximize Browser Window" library="SeleniumLibrary">
<doc>Maximizes current browser window.</doc>
<status status="PASS" starttime="20221004 10:36:04.749" endtime="20221004 10:36:05.047"/>
</kw>
<kw name="Wait Until Element Is Visible" library="SeleniumLibrary">
<arg>${cookie}</arg>
<doc>Waits until the element ``locator`` is visible.</doc>
<status status="PASS" starttime="20221004 10:36:05.048" endtime="20221004 10:36:05.116"/>
</kw>
<kw name="Click Element" library="SeleniumLibrary">
<arg>${accept-cookie}</arg>
<doc>Click the element identified by ``locator``.</doc>
<msg timestamp="20221004 10:36:05.116" level="INFO">Clicking element 'onetrust-accept-btn-handler'.</msg>
<status status="PASS" starttime="20221004 10:36:05.116" endtime="20221004 10:36:05.261"/>
</kw>
<kw name="Wait Until Element Is Visible" library="SeleniumLibrary">
<arg>${compte}</arg>
<doc>Waits until the element ``locator`` is visible.</doc>
<status status="PASS" starttime="20221004 10:36:05.261" endtime="20221004 10:36:05.429"/>
</kw>
<kw name="Click Element" library="SeleniumLibrary">
<arg>${compte}</arg>
<doc>Click the element identified by ``locator``.</doc>
<msg timestamp="20221004 10:36:05.430" level="INFO">Clicking element 'xpath://*[@id="data-account"]'.</msg>
<status status="PASS" starttime="20221004 10:36:05.429" endtime="20221004 10:36:06.330"/>
</kw>
<kw name="Click Element" library="SeleniumLibrary">
<arg>${locator-meconnecter}</arg>
<doc>Click the element identified by ``locator``.</doc>
<msg timestamp="20221004 10:36:06.331" level="INFO">Clicking element 'xpath://*[@id="headerAccountPanel"]/div/div/ul/li[1]/a'.</msg>
<msg timestamp="20221004 10:36:06.699" level="INFO" html="true">&lt;/td&gt;&lt;/tr&gt;&lt;tr&gt;&lt;td colspan="3"&gt;&lt;a href="selenium-screenshot-1.png"&gt;&lt;img src="selenium-screenshot-1.png" width="800px"&gt;&lt;/a&gt;</msg>
<msg timestamp="20221004 10:36:06.701" level="FAIL">Element with locator 'xpath://*[@id="headerAccountPanel"]/div/div/ul/li[1]/a' not found.</msg>
<status status="FAIL" starttime="20221004 10:36:06.331" endtime="20221004 10:36:06.702"/>
</kw>
<kw name="Input Text" library="SeleniumLibrary">
<arg>${locator-user}</arg>
<arg>${user}</arg>
<doc>Types the given ``text`` into the text field identified by ``locator``.</doc>
<status status="NOT RUN" starttime="20221004 10:36:06.703" endtime="20221004 10:36:06.703"/>
</kw>
<kw name="Input Text" library="SeleniumLibrary">
<arg>${locator-pass}</arg>
<arg>${pass}</arg>
<doc>Types the given ``text`` into the text field identified by ``locator``.</doc>
<status status="NOT RUN" starttime="20221004 10:36:06.703" endtime="20221004 10:36:06.703"/>
</kw>
<kw name="Click Element" library="SeleniumLibrary">
<arg>${locator-submit}</arg>
<doc>Click the element identified by ``locator``.</doc>
<status status="NOT RUN" starttime="20221004 10:36:06.703" endtime="20221004 10:36:06.703"/>
</kw>
<status status="FAIL" starttime="20221004 10:36:01.603" endtime="20221004 10:36:06.703"/>
</kw>
<status status="FAIL" starttime="20221004 10:36:01.602" endtime="20221004 10:36:06.705">Element with locator 'xpath://*[@id="headerAccountPanel"]/div/div/ul/li[1]/a' not found.</status>
</test>
<doc>An example resource file</doc>
<status status="FAIL" starttime="20221004 10:36:01.368" endtime="20221004 10:36:06.707"/>
</suite>
<statistics>
<total>
<stat pass="0" fail="1" skip="0">All Tests</stat>
</total>
<tag>
</tag>
<suite>
<stat pass="0" fail="1" skip="0" id="s1" name="Test02">Test02</stat>
</suite>
</statistics>
<errors>
</errors>
</robot>
